<?xml version="1.0" encoding="UTF-8"?>
<robot generator="Robot 7.4.1 (Python 3.14.2 on win32)" generated="2026-01-11T21:44:41.813849" rpa="false" schemaversion="5">
<suite id="s1" name="Robot-Framework-Poc-Magalu-Login" source="C:\Users\Diego\Desktop\magalu-robot\robot-framework-poc-magalu-login">
<suite id="s1-s1" name="Webtesting" source="C:\Users\Diego\Desktop\magalu-robot\robot-framework-poc-magalu-login\Webtesting">
<suite id="s1-s1-s1" name="Magalu Login Testes Sequencial" source="C:\Users\Diego\Desktop\magalu-robot\robot-framework-poc-magalu-login\Webtesting\magalu_login_testes_sequencial.robot">
<test id="s1-s1-s1-t1" name="CT001 - Login Valido" line="11">
<kw name="Abrir o navegador" owner="magalu_resources" type="SETUP">
<kw name="Open Browser" owner="SeleniumLibrary">
<msg time="2026-01-11T21:44:42.236443" level="INFO">Opening browser 'chrome' to base url 'None'.</msg>
<arg>browser=chrome</arg>
<doc>Opens a new browser instance to the optional ``url``.</doc>
<status status="PASS" start="2026-01-11T21:44:42.236063" elapsed="3.611565"/>
</kw>
<kw name="Maximize Browser Window" owner="SeleniumLibrary">
<doc>Maximizes current browser window.</doc>
<status status="PASS" start="2026-01-11T21:44:45.847861" elapsed="0.038418"/>
</kw>
<status status="PASS" start="2026-01-11T21:44:42.235312" elapsed="3.651141"/>
</kw>
<kw name="Acessar home page do site Magalu" owner="magalu_resources">
<kw name="Go To" owner="SeleniumLibrary">
<msg time="2026-01-11T21:44:45.887768" level="INFO">Opening url 'https://www.magazineluiza.com.br/'</msg>
<arg>${URL}</arg>
<doc>Navigates the current browser window to the provided ``url``.</doc>
<status status="PASS" start="2026-01-11T21:44:45.887363" elapsed="3.063484"/>
</kw>
<kw name="Wait Until Element Is Visible" owner="SeleniumLibrary">
<arg>${HEADER-SEARCH-INPUT}</arg>
<doc>Waits until the element ``locator`` is visible.</doc>
<status status="PASS" start="2026-01-11T21:44:48.951050" elapsed="0.283057"/>
</kw>
<status status="PASS" start="2026-01-11T21:44:45.886796" elapsed="3.347485"/>
</kw>
<kw name="Entrar na tela de login" owner="magalu_resources">
<kw name="Wait Until Element Is Visible" owner="SeleniumLibrary">
<arg>${BTNLOGIN}</arg>
<doc>Waits until the element ``locator`` is visible.</doc>
<status status="PASS" start="2026-01-11T21:44:49.235027" elapsed="0.011592"/>
</kw>
<kw name="Click Element" owner="SeleniumLibrary">
<msg time="2026-01-11T21:44:49.247268" level="INFO">Clicking element 'xpath=//*[@class='block font-3xsm-bold group-hover:underline']'.</msg>
<arg>${BTNLOGIN}</arg>
<doc>Click the element identified by ``locator``.</doc>
<status status="PASS" start="2026-01-11T21:44:49.246811" elapsed="2.631809"/>
</kw>
<status status="PASS" start="2026-01-11T21:44:49.234570" elapsed="2.644214"/>
</kw>
<kw name="Verificar se esta na tela de login" owner="magalu_resources">
<kw name="Wait Until Element Is Visible" owner="SeleniumLibrary">
<arg>${TELALOGIN}</arg>
<doc>Waits until the element ``locator`` is visible.</doc>
<status status="PASS" start="2026-01-11T21:44:52.166039" elapsed="0.014266"/>
</kw>
<status status="PASS" start="2026-01-11T21:44:51.879125" elapsed="0.301354"/>
</kw>
<kw name="Verificar se o campo de email esta visivel" owner="magalu_resources">
<kw name="Wait Until Element Is Visible" owner="SeleniumLibrary">
<arg>${CAMPO-EMAIL-LOGIN}</arg>
<doc>Waits until the element ``locator`` is visible.</doc>
<status status="PASS" start="2026-01-11T21:44:52.181514" elapsed="0.011511"/>
</kw>
<status status="PASS" start="2026-01-11T21:44:52.180926" elapsed="0.012305"/>
</kw>
<kw name="Verificar se o campo de senha esta visivel" owner="magalu_resources">
<kw name="Wait Until Element Is Visible" owner="SeleniumLibrary">
<arg>${CAMPO-SENHA-LOGIN}</arg>
<doc>Waits until the element ``locator`` is visible.</doc>
<status status="PASS" start="2026-01-11T21:44:52.194015" elapsed="0.012023"/>
</kw>
<status status="PASS" start="2026-01-11T21:44:52.193553" elapsed="0.012660"/>
</kw>
<kw name="Verificar se o botao de continuar esta visivel" owner="magalu_resources">
<kw name="Wait Until Element Is Visible" owner="SeleniumLibrary">
<arg>${BTN-CONTINUAR-LOGIN}</arg>
<doc>Waits until the element ``locator`` is visible.</doc>
<status status="PASS" start="2026-01-11T21:44:52.207014" elapsed="0.010686"/>
</kw>
<status status="PASS" start="2026-01-11T21:44:52.206551" elapsed="0.011291"/>
</kw>
<kw name="Preencher o campo de email com &quot;email_valido&quot;" owner="magalu_resources">
<kw name="Input Text" owner="SeleniumLibrary">
<msg time="2026-01-11T21:44:52.219517" level="INFO">Typing text 'diego.regys@gmail.com' into text field 'xpath=//*[@placeholder='Digite seu e-mail, CPF ou CNPJ']'.</msg>
<arg>${CAMPO-EMAIL-LOGIN}</arg>
<arg>${EMAIL-VALIDO}</arg>
<doc>Types the given ``text`` into the text field identified by ``locator``.</doc>
<status status="PASS" start="2026-01-11T21:44:52.218823" elapsed="0.109619"/>
</kw>
<status status="PASS" start="2026-01-11T21:44:52.218091" elapsed="0.110578"/>
</kw>
<kw name="Preencher o campo de senha com &quot;senha_valida&quot;" owner="magalu_resources">
<kw name="Input Text" owner="SeleniumLibrary">
<msg time="2026-01-11T21:44:52.329972" level="INFO">Typing text 'Chrono95' into text field 'xpath=//*[@id='input-password']'.</msg>
<arg>${CAMPO-SENHA-LOGIN}</arg>
<arg>${SENHA-VALIDA}</arg>
<doc>Types the given ``text`` into the text field identified by ``locator``.</doc>
<status status="PASS" start="2026-01-11T21:44:52.329596" elapsed="0.082555"/>
</kw>
<status status="PASS" start="2026-01-11T21:44:52.329054" elapsed="0.083251"/>
</kw>
<kw name="Clicar no botao de continuar" owner="magalu_resources">
<kw name="Click Element" owner="SeleniumLibrary">
<msg time="2026-01-11T21:44:52.413546" level="INFO">Clicking element 'xpath=//*[@data-testid="login-with-password"]'.</msg>
<arg>${BTN-CONTINUAR-LOGIN}</arg>
<doc>Click the element identified by ``locator``.</doc>
<status status="PASS" start="2026-01-11T21:44:52.413232" elapsed="0.080772"/>
</kw>
<status status="PASS" start="2026-01-11T21:44:52.412747" elapsed="0.081478"/>
</kw>
<kw name="Verificar se o login foi realizado com sucesso" owner="magalu_resources">
<kw name="Wait Until Element Is Visible" owner="SeleniumLibrary">
<arg>${TELA-IDENTIFICACAO-CODIGO}</arg>
<arg>timeout=10</arg>
<doc>Waits until the element ``locator`` is visible.</doc>
<status status="PASS" start="2026-01-11T21:44:52.495072" elapsed="8.409530"/>
</kw>
<status status="PASS" start="2026-01-11T21:44:52.494577" elapsed="8.410184"/>
</kw>
<kw name="Fechar o navegador" owner="magalu_resources" type="TEARDOWN">
<kw name="Close Browser" owner="SeleniumLibrary">
<doc>Closes the current browser.</doc>
<status status="PASS" start="2026-01-11T21:45:00.905616" elapsed="2.345546"/>
</kw>
<status status="PASS" start="2026-01-11T21:45:00.905142" elapsed="2.346547"/>
</kw>
<doc>Teste de login com credenciais validas no site Magalu.
Verifica se o usuario consegue logar com sucesso utilizando um email e senha validos.</doc>
<tag>login</tag>
<tag>valido</tag>
<status status="PASS" start="2026-01-11T21:44:42.232257" elapsed="21.020092"/>
</test>
<doc>Suite de testes automatizados para a funcionalidade de login do site Magalu.
Esta suite abrange diversos cenarios de teste para validar o processo de login,
incluindo casos de sucesso e falha, bem como verificacoes de elementos da interface do usuario.</doc>
<status status="PASS" start="2026-01-11T21:44:41.869220" elapsed="21.393783"/>
</suite>
<status status="PASS" start="2026-01-11T21:44:41.865671" elapsed="21.402182"/>
</suite>
<status status="PASS" start="2026-01-11T21:44:41.827178" elapsed="21.443023"/>
</suite>
<statistics>
<total>
<stat pass="1" fail="0" skip="0">All Tests</stat>
</total>
<tag>
<stat pass="1" fail="0" skip="0">login</stat>
<stat pass="1" fail="0" skip="0">valido</stat>
</tag>
<suite>
<stat name="Robot-Framework-Poc-Magalu-Login" id="s1" pass="1" fail="0" skip="0">Robot-Framework-Poc-Magalu-Login</stat>
<stat name="Webtesting" id="s1-s1" pass="1" fail="0" skip="0">Robot-Framework-Poc-Magalu-Login.Webtesting</stat>
<stat name="Magalu Login Testes Sequencial" id="s1-s1-s1" pass="1" fail="0" skip="0">Robot-Framework-Poc-Magalu-Login.Webtesting.Magalu Login Testes Sequencial</stat>
</suite>
</statistics>
<errors>
</errors>
</robot>
