<?xml version="1.0" encoding="UTF-8"?>
<robot generator="Robot 7.4.1 (Python 3.14.2 on win32)" generated="2026-02-19T23:32:32.012854" rpa="false" schemaversion="5">
<suite id="s1" name="Robot-Framework-Poc-Magalu-Login" source="C:\Users\Diego\Desktop\magalu-robot\robot-framework-poc-magalu-login">
<suite id="s1-s1" name="Webtesting" source="C:\Users\Diego\Desktop\magalu-robot\robot-framework-poc-magalu-login\Webtesting">
<suite id="s1-s1-s1" name="Magalu Login Testes Sequencial" source="C:\Users\Diego\Desktop\magalu-robot\robot-framework-poc-magalu-login\Webtesting\magalu_login_testes_sequencial.robot">
<test id="s1-s1-s1-t1" name="CT004 - Validar Tela Esqueci Minha Senha" line="58">
<kw name="Abrir o navegador" owner="magalu_resources" type="SETUP">
<kw name="Open Browser" owner="SeleniumLibrary">
<msg time="2026-02-19T23:32:32.223522" level="INFO">Opening browser 'chrome' to base url 'None'.</msg>
<arg>browser=chrome</arg>
<doc>Opens a new browser instance to the optional ``url``.</doc>
<status status="PASS" start="2026-02-19T23:32:32.223203" elapsed="1.716634"/>
</kw>
<kw name="Maximize Browser Window" owner="SeleniumLibrary">
<doc>Maximizes current browser window.</doc>
<status status="PASS" start="2026-02-19T23:32:33.940058" elapsed="0.023466"/>
</kw>
<status status="PASS" start="2026-02-19T23:32:32.222493" elapsed="1.741219"/>
</kw>
<kw name="Acessar home page do site Magalu" owner="magalu_resources">
<kw name="Go To" owner="SeleniumLibrary">
<msg time="2026-02-19T23:32:33.964970" level="INFO">Opening url 'https://www.magazineluiza.com.br/'</msg>
<arg>${URL}</arg>
<doc>Navigates the current browser window to the provided ``url``.</doc>
<status status="PASS" start="2026-02-19T23:32:33.964647" elapsed="0.687772"/>
</kw>
<kw name="Wait Until Element Is Visible" owner="SeleniumLibrary">
<arg>${HEADER-SEARCH-INPUT}</arg>
<doc>Waits until the element ``locator`` is visible.</doc>
<status status="PASS" start="2026-02-19T23:32:34.652626" elapsed="0.073241"/>
</kw>
<status status="PASS" start="2026-02-19T23:32:33.964093" elapsed="0.762130"/>
</kw>
<kw name="Entrar na tela de login" owner="magalu_resources">
<kw name="Wait Until Element Is Visible" owner="SeleniumLibrary">
<arg>${BTNLOGIN}</arg>
<doc>Waits until the element ``locator`` is visible.</doc>
<status status="PASS" start="2026-02-19T23:32:34.727932" elapsed="0.012171"/>
</kw>
<kw name="Click Element" owner="SeleniumLibrary">
<msg time="2026-02-19T23:32:34.740739" level="INFO">Clicking element 'xpath=//*[contains(text(),"Entre ou Cadastre-se")]'.</msg>
<arg>${BTNLOGIN}</arg>
<doc>Click the element identified by ``locator``.</doc>
<status status="PASS" start="2026-02-19T23:32:34.740300" elapsed="3.872883"/>
</kw>
<status status="PASS" start="2026-02-19T23:32:34.726740" elapsed="3.886614"/>
</kw>
<kw name="Verificar se esta na tela de login" owner="magalu_resources">
<kw name="Wait Until Element Is Visible" owner="SeleniumLibrary">
<arg>${TELALOGIN}</arg>
<doc>Waits until the element ``locator`` is visible.</doc>
<status status="PASS" start="2026-02-19T23:32:38.928586" elapsed="0.020140"/>
</kw>
<status status="PASS" start="2026-02-19T23:32:38.613706" elapsed="0.335175"/>
</kw>
<kw name="Verificar se o link 'Esqueci minha senha' esta visivel" owner="magalu_resources">
<kw name="Wait Until Element Is Visible" owner="SeleniumLibrary">
<arg>${CAMPO-ESQUECI-MINHA-SENHA}</arg>
<arg>timeout=10</arg>
<doc>Waits until the element ``locator`` is visible.</doc>
<status status="PASS" start="2026-02-19T23:32:38.949602" elapsed="0.010200"/>
</kw>
<status status="PASS" start="2026-02-19T23:32:38.949154" elapsed="0.010801"/>
</kw>
<kw name="Clicar no link 'Esqueci minha senha'" owner="magalu_resources">
<kw name="Click Element" owner="SeleniumLibrary">
<msg time="2026-02-19T23:32:38.961021" level="INFO">Clicking element 'xpath=//*[contains(text(),"Esqueci minha senha")]'.</msg>
<arg>${CAMPO-ESQUECI-MINHA-SENHA}</arg>
<doc>Click the element identified by ``locator``.</doc>
<status status="PASS" start="2026-02-19T23:32:38.960700" elapsed="1.512902"/>
</kw>
<status status="PASS" start="2026-02-19T23:32:38.960241" elapsed="1.513722"/>
</kw>
<kw name="Verificar se a tela de recuperacao de senha e exibida" owner="magalu_resources">
<kw name="Wait Until Element Is Visible" owner="SeleniumLibrary">
<arg>${TELA-ESQUECI-SENHA}</arg>
<doc>Waits until the element ``locator`` is visible.</doc>
<status status="PASS" start="2026-02-19T23:32:40.475540" elapsed="0.017428"/>
</kw>
<status status="PASS" start="2026-02-19T23:32:40.474640" elapsed="0.018483"/>
</kw>
<kw name="Fechar o navegador" owner="magalu_resources" type="TEARDOWN">
<kw name="Close Browser" owner="SeleniumLibrary">
<doc>Closes the current browser.</doc>
<status status="PASS" start="2026-02-19T23:32:40.493969" elapsed="2.297763"/>
</kw>
<status status="PASS" start="2026-02-19T23:32:40.493458" elapsed="2.298455"/>
</kw>
<status status="PASS" start="2026-02-19T23:32:32.220183" elapsed="10.571933"/>
</test>
<doc>Suite de testes automatizados para a funcionalidade de login do site Magalu.
Esta suite abrange diversos cenarios de teste para validar o processo de login,
incluindo casos de sucesso e falha, bem como verificacoes de elementos da interface do usuario.</doc>
<status status="PASS" start="2026-02-19T23:32:32.051177" elapsed="10.744934"/>
</suite>
<status status="PASS" start="2026-02-19T23:32:32.047782" elapsed="10.751036"/>
</suite>
<status status="PASS" start="2026-02-19T23:32:32.016889" elapsed="10.784206"/>
</suite>
<statistics>
<total>
<stat pass="1" fail="0" skip="0">All Tests</stat>
</total>
<tag>
</tag>
<suite>
<stat name="Robot-Framework-Poc-Magalu-Login" id="s1" pass="1" fail="0" skip="0">Robot-Framework-Poc-Magalu-Login</stat>
<stat name="Webtesting" id="s1-s1" pass="1" fail="0" skip="0">Robot-Framework-Poc-Magalu-Login.Webtesting</stat>
<stat name="Magalu Login Testes Sequencial" id="s1-s1-s1" pass="1" fail="0" skip="0">Robot-Framework-Poc-Magalu-Login.Webtesting.Magalu Login Testes Sequencial</stat>
</suite>
</statistics>
<errors>
</errors>
</robot>
